<?xml version="1.0" encoding="UTF-8"?>
<testsuite name="gic.itc.coffee_shop.CoffeeShopApplicationTests" tests="1" skipped="0" failures="0" errors="0" timestamp="2023-06-05T10:46:15" hostname="DESKTOP-FA8DSTB" time="0.46">
  <properties/>
  <testcase name="contextLoads()" classname="gic.itc.coffee_shop.CoffeeShopApplicationTests" time="0.46"/>
  <system-out><![CDATA[17:46:03.656 [Test worker] DEBUG org.springframework.boot.test.context.SpringBootTestContextBootstrapper -- Neither @ContextConfiguration nor @ContextHierarchy found for test class [CoffeeShopApplicationTests]: using SpringBootContextLoader
17:46:03.665 [Test worker] DEBUG org.springframework.test.context.support.AbstractContextLoader -- Could not detect default resource locations for test class [gic.itc.coffee_shop.CoffeeShopApplicationTests]: no resource found for suffixes {-context.xml, Context.groovy}.
17:46:03.667 [Test worker] INFO org.springframework.test.context.support.AnnotationConfigContextLoaderUtils -- Could not detect default configuration classes for test class [gic.itc.coffee_shop.CoffeeShopApplicationTests]: CoffeeShopApplicationTests does not declare any static, non-private, non-final, nested classes annotated with @Configuration.
17:46:03.708 [Test worker] DEBUG org.springframework.boot.test.context.SpringBootTestContextBootstrapper -- Using ContextCustomizers for test class [CoffeeShopApplicationTests]: [DisableObservabilityContextCustomizer, PropertyMappingContextCustomizer, Customizer, ExcludeFilterContextCustomizer, DuplicateJsonObjectContextCustomizer, MockitoContextCustomizer, TestRestTemplateContextCustomizer]
17:46:03.845 [Test worker] DEBUG org.springframework.context.annotation.ClassPathScanningCandidateComponentProvider -- Identified candidate component class: file [C:\Users\Lenovo\Documents\YEAR4\SoftwareEngineering\SE-Project-Midterm-S2\build\classes\java\main\gic\itc\coffee_shop\CoffeeShopApplication.class]
17:46:03.847 [Test worker] INFO org.springframework.boot.test.context.SpringBootTestContextBootstrapper -- Found @SpringBootConfiguration gic.itc.coffee_shop.CoffeeShopApplication for test class gic.itc.coffee_shop.CoffeeShopApplicationTests
17:46:04.118 [Test worker] DEBUG org.springframework.boot.test.context.SpringBootTestContextBootstrapper -- Using TestExecutionListeners for test class [CoffeeShopApplicationTests]: [ServletTestExecutionListener, DirtiesContextBeforeModesTestExecutionListener, ApplicationEventsTestExecutionListener, MockitoTestExecutionListener, DependencyInjectionTestExecutionListener, DirtiesContextTestExecutionListener, TransactionalTestExecutionListener, SqlScriptsTestExecutionListener, WithSecurityContextTestExecutionListener, EventPublishingTestExecutionListener, ReactorContextTestExecutionListener, RestDocsTestExecutionListener, MockRestServiceServerResetTestExecutionListener, MockMvcPrintOnlyOnFailureTestExecutionListener, WebDriverTestExecutionListener, MockWebServiceServerTestExecutionListener, ResetMocksTestExecutionListener]
17:46:04.121 [Test worker] DEBUG org.springframework.test.context.support.AbstractDirtiesContextTestExecutionListener -- Before test class: class [CoffeeShopApplicationTests], class annotated with @DirtiesContext [false] with mode [null]

  .   ____          _            __ _ _
 /\\ / ___'_ __ _ _(_)_ __  __ _ \ \ \ \
( ( )\___ | '_ | '_| | '_ \/ _` | \ \ \ \
 \\/  ___)| |_)| | | | | || (_| |  ) ) ) )
  '  |____| .__|_| |_|_| |_\__, | / / / /
 =========|_|==============|___/=/_/_/_/
 :: Spring Boot ::                (v3.0.6)

2023-06-05T17:46:05.099+07:00  INFO 2884 --- [    Test worker] g.i.c.CoffeeShopApplicationTests         : Starting CoffeeShopApplicationTests using Java 17.0.6 with PID 2884 (started by Lenovo in C:\Users\Lenovo\Documents\YEAR4\SoftwareEngineering\SE-Project-Midterm-S2)
2023-06-05T17:46:05.102+07:00  INFO 2884 --- [    Test worker] g.i.c.CoffeeShopApplicationTests         : No active profile set, falling back to 1 default profile: "default"
2023-06-05T17:46:07.276+07:00  INFO 2884 --- [    Test worker] .s.d.r.c.RepositoryConfigurationDelegate : Bootstrapping Spring Data JPA repositories in DEFAULT mode.
2023-06-05T17:46:07.479+07:00  INFO 2884 --- [    Test worker] .s.d.r.c.RepositoryConfigurationDelegate : Finished Spring Data repository scanning in 187 ms. Found 9 JPA repository interfaces.
2023-06-05T17:46:08.671+07:00  INFO 2884 --- [    Test worker] o.hibernate.jpa.internal.util.LogHelper  : HHH000204: Processing PersistenceUnitInfo [name: default]
2023-06-05T17:46:08.844+07:00  INFO 2884 --- [    Test worker] org.hibernate.Version                    : HHH000412: Hibernate ORM core version 6.1.7.Final
2023-06-05T17:46:09.834+07:00  INFO 2884 --- [    Test worker] com.zaxxer.hikari.HikariDataSource       : HikariPool-1 - Starting...
2023-06-05T17:46:10.276+07:00  INFO 2884 --- [    Test worker] com.zaxxer.hikari.pool.HikariPool        : HikariPool-1 - Added connection com.mysql.cj.jdbc.ConnectionImpl@5a899811
2023-06-05T17:46:10.280+07:00  INFO 2884 --- [    Test worker] com.zaxxer.hikari.HikariDataSource       : HikariPool-1 - Start completed.
2023-06-05T17:46:10.384+07:00  WARN 2884 --- [    Test worker] org.hibernate.dialect.Dialect            : HHH000511: The 5.5.0 version for [org.hibernate.dialect.MySQLDialect] is no longer supported, hence certain features may not work properly. The minimum supported version is 5.7.0. Check the community dialects project for available legacy versions.
2023-06-05T17:46:10.398+07:00  INFO 2884 --- [    Test worker] SQL dialect                              : HHH000400: Using dialect: org.hibernate.dialect.MySQLDialect
2023-06-05T17:46:12.579+07:00  INFO 2884 --- [    Test worker] o.h.e.t.j.p.i.JtaPlatformInitiator       : HHH000490: Using JtaPlatform implementation: [org.hibernate.engine.transaction.jta.platform.internal.NoJtaPlatform]
2023-06-05T17:46:12.599+07:00  INFO 2884 --- [    Test worker] j.LocalContainerEntityManagerFactoryBean : Initialized JPA EntityManagerFactory for persistence unit 'default'
2023-06-05T17:46:14.173+07:00  WARN 2884 --- [    Test worker] JpaBaseConfiguration$JpaWebConfiguration : spring.jpa.open-in-view is enabled by default. Therefore, database queries may be performed during view rendering. Explicitly configure spring.jpa.open-in-view to disable this warning
2023-06-05T17:46:15.074+07:00  WARN 2884 --- [    Test worker] .s.s.UserDetailsServiceAutoConfiguration : 

Using generated security password: 05e94497-770d-49ed-82e2-07affd8aad7a

This generated password is for development use only. Your security configuration must be updated before running your application in production.

2023-06-05T17:46:15.404+07:00  INFO 2884 --- [    Test worker] o.s.s.web.DefaultSecurityFilterChain     : Will secure any request with [org.springframework.security.web.session.DisableEncodeUrlFilter@2a5917f6, org.springframework.security.web.context.request.async.WebAsyncManagerIntegrationFilter@c34fd2, org.springframework.security.web.context.SecurityContextHolderFilter@35ec3604, org.springframework.security.web.header.HeaderWriterFilter@64bb6ba7, org.springframework.security.web.csrf.CsrfFilter@4dc23273, org.springframework.security.web.authentication.logout.LogoutFilter@352288bc, org.springframework.security.web.authentication.UsernamePasswordAuthenticationFilter@4adb2b87, org.springframework.security.web.authentication.ui.DefaultLoginPageGeneratingFilter@3e7c66b3, org.springframework.security.web.authentication.ui.DefaultLogoutPageGeneratingFilter@558fa64a, org.springframework.security.web.authentication.www.BasicAuthenticationFilter@6d58ed12, org.springframework.security.web.savedrequest.RequestCacheAwareFilter@466f7259, org.springframework.security.web.servletapi.SecurityContextHolderAwareRequestFilter@5c39da9e, org.springframework.security.web.authentication.AnonymousAuthenticationFilter@a55b4f9, org.springframework.security.web.access.ExceptionTranslationFilter@a89dec0, org.springframework.security.web.access.intercept.AuthorizationFilter@42d65ffc]
2023-06-05T17:46:15.510+07:00  INFO 2884 --- [    Test worker] g.i.c.CoffeeShopApplicationTests         : Started CoffeeShopApplicationTests in 11.193 seconds (process running for 14.261)
]]></system-out>
  <system-err><![CDATA[]]></system-err>
</testsuite>
