<?xml version="1.0" encoding="UTF-8"?>
<testsuite name="gic.itc.coffee_shop.CoffeeShopApplicationTests" tests="1" skipped="0" failures="0" errors="0" timestamp="2023-05-16T08:44:46" hostname="MacBookAirs-MacBook-Air.local" time="0.421">
  <properties/>
  <testcase name="contextLoads()" classname="gic.itc.coffee_shop.CoffeeShopApplicationTests" time="0.421"/>
  <system-out><![CDATA[15:44:37.129 [Test worker] DEBUG org.springframework.boot.test.context.SpringBootTestContextBootstrapper -- Neither @ContextConfiguration nor @ContextHierarchy found for test class [CoffeeShopApplicationTests]: using SpringBootContextLoader
15:44:37.148 [Test worker] DEBUG org.springframework.test.context.support.AbstractContextLoader -- Could not detect default resource locations for test class [gic.itc.coffee_shop.CoffeeShopApplicationTests]: no resource found for suffixes {-context.xml, Context.groovy}.
15:44:37.152 [Test worker] INFO org.springframework.test.context.support.AnnotationConfigContextLoaderUtils -- Could not detect default configuration classes for test class [gic.itc.coffee_shop.CoffeeShopApplicationTests]: CoffeeShopApplicationTests does not declare any static, non-private, non-final, nested classes annotated with @Configuration.
15:44:37.283 [Test worker] DEBUG org.springframework.boot.test.context.SpringBootTestContextBootstrapper -- Using ContextCustomizers for test class [CoffeeShopApplicationTests]: [DisableObservabilityContextCustomizer, PropertyMappingContextCustomizer, Customizer, ExcludeFilterContextCustomizer, DuplicateJsonObjectContextCustomizer, MockitoContextCustomizer, TestRestTemplateContextCustomizer]
15:44:37.497 [Test worker] DEBUG org.springframework.context.annotation.ClassPathScanningCandidateComponentProvider -- Identified candidate component class: file [/Users/nara/Desktop/Mananger/I4/Software-Engineer/Project/SE-Project-Midterm-S2/build/classes/java/main/gic/itc/coffee_shop/CoffeeShopApplication.class]
15:44:37.500 [Test worker] INFO org.springframework.boot.test.context.SpringBootTestContextBootstrapper -- Found @SpringBootConfiguration gic.itc.coffee_shop.CoffeeShopApplication for test class gic.itc.coffee_shop.CoffeeShopApplicationTests
15:44:37.852 [Test worker] DEBUG org.springframework.boot.test.context.SpringBootTestContextBootstrapper -- Using TestExecutionListeners for test class [CoffeeShopApplicationTests]: [ServletTestExecutionListener, DirtiesContextBeforeModesTestExecutionListener, ApplicationEventsTestExecutionListener, MockitoTestExecutionListener, DependencyInjectionTestExecutionListener, DirtiesContextTestExecutionListener, TransactionalTestExecutionListener, SqlScriptsTestExecutionListener, EventPublishingTestExecutionListener, RestDocsTestExecutionListener, MockRestServiceServerResetTestExecutionListener, MockMvcPrintOnlyOnFailureTestExecutionListener, WebDriverTestExecutionListener, MockWebServiceServerTestExecutionListener, ResetMocksTestExecutionListener]
15:44:37.857 [Test worker] DEBUG org.springframework.test.context.support.AbstractDirtiesContextTestExecutionListener -- Before test class: class [CoffeeShopApplicationTests], class annotated with @DirtiesContext [false] with mode [null]

  .   ____          _            __ _ _
 /\\ / ___'_ __ _ _(_)_ __  __ _ \ \ \ \
( ( )\___ | '_ | '_| | '_ \/ _` | \ \ \ \
 \\/  ___)| |_)| | | | | || (_| |  ) ) ) )
  '  |____| .__|_| |_|_| |_\__, | / / / /
 =========|_|==============|___/=/_/_/_/
 :: Spring Boot ::                (v3.0.6)

2023-05-16T15:44:38.524+07:00  INFO 6300 --- [    Test worker] g.i.c.CoffeeShopApplicationTests         : Starting CoffeeShopApplicationTests using Java 18.0.1.1 with PID 6300 (started by nara in /Users/nara/Desktop/Mananger/I4/Software-Engineer/Project/SE-Project-Midterm-S2)
2023-05-16T15:44:38.527+07:00  INFO 6300 --- [    Test worker] g.i.c.CoffeeShopApplicationTests         : No active profile set, falling back to 1 default profile: "default"
2023-05-16T15:44:39.499+07:00  INFO 6300 --- [    Test worker] .s.d.r.c.RepositoryConfigurationDelegate : Bootstrapping Spring Data JPA repositories in DEFAULT mode.
2023-05-16T15:44:39.569+07:00  INFO 6300 --- [    Test worker] .s.d.r.c.RepositoryConfigurationDelegate : Finished Spring Data repository scanning in 57 ms. Found 3 JPA repository interfaces.
2023-05-16T15:44:40.760+07:00  INFO 6300 --- [    Test worker] o.hibernate.jpa.internal.util.LogHelper  : HHH000204: Processing PersistenceUnitInfo [name: default]
2023-05-16T15:44:40.840+07:00  INFO 6300 --- [    Test worker] org.hibernate.Version                    : HHH000412: Hibernate ORM core version 6.1.7.Final
2023-05-16T15:44:41.306+07:00  INFO 6300 --- [    Test worker] com.zaxxer.hikari.HikariDataSource       : HikariPool-1 - Starting...
2023-05-16T15:44:41.781+07:00  INFO 6300 --- [    Test worker] com.zaxxer.hikari.pool.HikariPool        : HikariPool-1 - Added connection com.mysql.cj.jdbc.ConnectionImpl@7871d261
2023-05-16T15:44:41.788+07:00  INFO 6300 --- [    Test worker] com.zaxxer.hikari.HikariDataSource       : HikariPool-1 - Start completed.
2023-05-16T15:44:41.851+07:00  WARN 6300 --- [    Test worker] org.hibernate.dialect.Dialect            : HHH000511: The 5.5.0 version for [org.hibernate.dialect.MySQLDialect] is no longer supported, hence certain features may not work properly. The minimum supported version is 5.7.0. Check the community dialects project for available legacy versions.
2023-05-16T15:44:41.860+07:00  INFO 6300 --- [    Test worker] SQL dialect                              : HHH000400: Using dialect: org.hibernate.dialect.MySQLDialect
2023-05-16T15:44:44.180+07:00  INFO 6300 --- [    Test worker] o.h.e.t.j.p.i.JtaPlatformInitiator       : HHH000490: Using JtaPlatform implementation: [org.hibernate.engine.transaction.jta.platform.internal.NoJtaPlatform]
2023-05-16T15:44:44.194+07:00  INFO 6300 --- [    Test worker] j.LocalContainerEntityManagerFactoryBean : Initialized JPA EntityManagerFactory for persistence unit 'default'
2023-05-16T15:44:45.256+07:00  WARN 6300 --- [    Test worker] JpaBaseConfiguration$JpaWebConfiguration : spring.jpa.open-in-view is enabled by default. Therefore, database queries may be performed during view rendering. Explicitly configure spring.jpa.open-in-view to disable this warning
2023-05-16T15:44:46.005+07:00  INFO 6300 --- [    Test worker] g.i.c.CoffeeShopApplicationTests         : Started CoffeeShopApplicationTests in 8.041 seconds (process running for 12.062)
]]></system-out>
  <system-err><![CDATA[]]></system-err>
</testsuite>
