<?xml version="1.0" encoding="UTF-8"?>
<testsuite name="gic.itc.coffee_shop.CoffeeShopApplicationTests" tests="1" skipped="0" failures="0" errors="0" timestamp="2023-05-27T04:44:31" hostname="MacBookAirs-MacBook-Air.local" time="0.422">
  <properties/>
  <testcase name="contextLoads()" classname="gic.itc.coffee_shop.CoffeeShopApplicationTests" time="0.422"/>
  <system-out><![CDATA[11:44:22.690 [Test worker] DEBUG org.springframework.boot.test.context.SpringBootTestContextBootstrapper -- Neither @ContextConfiguration nor @ContextHierarchy found for test class [CoffeeShopApplicationTests]: using SpringBootContextLoader
11:44:22.703 [Test worker] DEBUG org.springframework.test.context.support.AbstractContextLoader -- Could not detect default resource locations for test class [gic.itc.coffee_shop.CoffeeShopApplicationTests]: no resource found for suffixes {-context.xml, Context.groovy}.
11:44:22.706 [Test worker] INFO org.springframework.test.context.support.AnnotationConfigContextLoaderUtils -- Could not detect default configuration classes for test class [gic.itc.coffee_shop.CoffeeShopApplicationTests]: CoffeeShopApplicationTests does not declare any static, non-private, non-final, nested classes annotated with @Configuration.
11:44:22.805 [Test worker] DEBUG org.springframework.boot.test.context.SpringBootTestContextBootstrapper -- Using ContextCustomizers for test class [CoffeeShopApplicationTests]: [DisableObservabilityContextCustomizer, PropertyMappingContextCustomizer, Customizer, ExcludeFilterContextCustomizer, DuplicateJsonObjectContextCustomizer, MockitoContextCustomizer, TestRestTemplateContextCustomizer]
11:44:22.943 [Test worker] DEBUG org.springframework.context.annotation.ClassPathScanningCandidateComponentProvider -- Identified candidate component class: file [/Users/nara/Desktop/Mananger/I4/Software-Engineer/Project/SE-Project-Midterm-S2/build/classes/java/main/gic/itc/coffee_shop/CoffeeShopApplication.class]
11:44:22.945 [Test worker] INFO org.springframework.boot.test.context.SpringBootTestContextBootstrapper -- Found @SpringBootConfiguration gic.itc.coffee_shop.CoffeeShopApplication for test class gic.itc.coffee_shop.CoffeeShopApplicationTests
11:44:23.208 [Test worker] DEBUG org.springframework.boot.test.context.SpringBootTestContextBootstrapper -- Using TestExecutionListeners for test class [CoffeeShopApplicationTests]: [ServletTestExecutionListener, DirtiesContextBeforeModesTestExecutionListener, ApplicationEventsTestExecutionListener, MockitoTestExecutionListener, DependencyInjectionTestExecutionListener, DirtiesContextTestExecutionListener, TransactionalTestExecutionListener, SqlScriptsTestExecutionListener, WithSecurityContextTestExecutionListener, EventPublishingTestExecutionListener, ReactorContextTestExecutionListener, RestDocsTestExecutionListener, MockRestServiceServerResetTestExecutionListener, MockMvcPrintOnlyOnFailureTestExecutionListener, WebDriverTestExecutionListener, MockWebServiceServerTestExecutionListener, ResetMocksTestExecutionListener]
11:44:23.210 [Test worker] DEBUG org.springframework.test.context.support.AbstractDirtiesContextTestExecutionListener -- Before test class: class [CoffeeShopApplicationTests], class annotated with @DirtiesContext [false] with mode [null]

  .   ____          _            __ _ _
 /\\ / ___'_ __ _ _(_)_ __  __ _ \ \ \ \
( ( )\___ | '_ | '_| | '_ \/ _` | \ \ \ \
 \\/  ___)| |_)| | | | | || (_| |  ) ) ) )
  '  |____| .__|_| |_|_| |_\__, | / / / /
 =========|_|==============|___/=/_/_/_/
 :: Spring Boot ::                (v3.0.6)

2023-05-27T11:44:23.822+07:00  INFO 11347 --- [    Test worker] g.i.c.CoffeeShopApplicationTests         : Starting CoffeeShopApplicationTests using Java 18.0.1.1 with PID 11347 (started by nara in /Users/nara/Desktop/Mananger/I4/Software-Engineer/Project/SE-Project-Midterm-S2)
2023-05-27T11:44:23.826+07:00  INFO 11347 --- [    Test worker] g.i.c.CoffeeShopApplicationTests         : No active profile set, falling back to 1 default profile: "default"
2023-05-27T11:44:25.301+07:00  INFO 11347 --- [    Test worker] .s.d.r.c.RepositoryConfigurationDelegate : Bootstrapping Spring Data JPA repositories in DEFAULT mode.
2023-05-27T11:44:25.568+07:00  INFO 11347 --- [    Test worker] .s.d.r.c.RepositoryConfigurationDelegate : Finished Spring Data repository scanning in 254 ms. Found 5 JPA repository interfaces.
2023-05-27T11:44:26.687+07:00  INFO 11347 --- [    Test worker] o.hibernate.jpa.internal.util.LogHelper  : HHH000204: Processing PersistenceUnitInfo [name: default]
2023-05-27T11:44:26.753+07:00  INFO 11347 --- [    Test worker] org.hibernate.Version                    : HHH000412: Hibernate ORM core version 6.1.7.Final
2023-05-27T11:44:27.163+07:00  INFO 11347 --- [    Test worker] com.zaxxer.hikari.HikariDataSource       : HikariPool-1 - Starting...
2023-05-27T11:44:27.607+07:00  INFO 11347 --- [    Test worker] com.zaxxer.hikari.pool.HikariPool        : HikariPool-1 - Added connection com.mysql.cj.jdbc.ConnectionImpl@600bbf9e
2023-05-27T11:44:27.612+07:00  INFO 11347 --- [    Test worker] com.zaxxer.hikari.HikariDataSource       : HikariPool-1 - Start completed.
2023-05-27T11:44:27.670+07:00  WARN 11347 --- [    Test worker] org.hibernate.dialect.Dialect            : HHH000511: The 5.5.0 version for [org.hibernate.dialect.MySQLDialect] is no longer supported, hence certain features may not work properly. The minimum supported version is 5.7.0. Check the community dialects project for available legacy versions.
2023-05-27T11:44:27.679+07:00  INFO 11347 --- [    Test worker] SQL dialect                              : HHH000400: Using dialect: org.hibernate.dialect.MySQLDialect
2023-05-27T11:44:29.485+07:00  INFO 11347 --- [    Test worker] o.h.e.t.j.p.i.JtaPlatformInitiator       : HHH000490: Using JtaPlatform implementation: [org.hibernate.engine.transaction.jta.platform.internal.NoJtaPlatform]
2023-05-27T11:44:29.496+07:00  INFO 11347 --- [    Test worker] j.LocalContainerEntityManagerFactoryBean : Initialized JPA EntityManagerFactory for persistence unit 'default'
2023-05-27T11:44:30.544+07:00  WARN 11347 --- [    Test worker] JpaBaseConfiguration$JpaWebConfiguration : spring.jpa.open-in-view is enabled by default. Therefore, database queries may be performed during view rendering. Explicitly configure spring.jpa.open-in-view to disable this warning
2023-05-27T11:44:31.301+07:00  INFO 11347 --- [    Test worker] o.s.s.web.DefaultSecurityFilterChain     : Will secure any request with [org.springframework.security.web.session.DisableEncodeUrlFilter@283595db, org.springframework.security.web.context.request.async.WebAsyncManagerIntegrationFilter@747476f1, org.springframework.security.web.context.SecurityContextHolderFilter@21252bef, org.springframework.security.web.header.HeaderWriterFilter@76a1cc1a, org.springframework.security.web.csrf.CsrfFilter@1f031994, org.springframework.security.web.authentication.logout.LogoutFilter@49318c2a, org.springframework.security.web.authentication.UsernamePasswordAuthenticationFilter@c4bb119, org.springframework.security.web.savedrequest.RequestCacheAwareFilter@52984065, org.springframework.security.web.servletapi.SecurityContextHolderAwareRequestFilter@4b98c80c, org.springframework.security.web.authentication.AnonymousAuthenticationFilter@6238b10a, org.springframework.security.web.access.ExceptionTranslationFilter@1aade3c, org.springframework.security.web.access.intercept.AuthorizationFilter@6a450cb5]
2023-05-27T11:44:31.899+07:00  INFO 11347 --- [    Test worker] g.i.c.CoffeeShopApplicationTests         : Started CoffeeShopApplicationTests in 8.551 seconds (process running for 12.396)
]]></system-out>
  <system-err><![CDATA[]]></system-err>
</testsuite>
